[1222/170252.603:ERROR:process_reader_win.cc(182)] ResumeThread: The parameter is incorrect. (0x57)
[1222/170252.603:ERROR:process_reader_win.cc(123)] NtOpenThread: An invalid Client ID was specified.  (0xc000000b)
[1222/170252.606:ERROR:process_reader_win.cc(123)] NtOpenThread: An invalid Client ID was specified.  (0xc000000b)
[1222/170252.606:ERROR:process_reader_win.cc(123)] NtOpenThread: An invalid Client ID was specified.  (0xc000000b)
[1222/170252.606:ERROR:process_reader_win.cc(123)] NtOpenThread: An invalid Client ID was specified.  (0xc000000b)
[1222/170252.606:ERROR:process_reader_win.cc(123)] NtOpenThread: An invalid Client ID was specified.  (0xc000000b)
[1222/170252.606:ERROR:process_reader_win.cc(151)] SuspendThread: Access is denied. (0x5)
[1222/170252.606:ERROR:process_reader_win.cc(123)] NtOpenThread: An invalid Client ID was specified.  (0xc000000b)
[1222/170252.606:ERROR:process_reader_win.cc(123)] NtOpenThread: An invalid Client ID was specified.  (0xc000000b)
[1222/170252.606:ERROR:process_reader_win.cc(123)] NtOpenThread: An invalid Client ID was specified.  (0xc000000b)
[1222/170252.606:ERROR:process_reader_win.cc(123)] NtOpenThread: An invalid Client ID was specified.  (0xc000000b)
[1222/170252.606:ERROR:process_reader_win.cc(123)] NtOpenThread: An invalid Client ID was specified.  (0xc000000b)
[1222/170252.606:ERROR:process_reader_win.cc(123)] NtOpenThread: An invalid Client ID was specified.  (0xc000000b)
[1222/170252.606:ERROR:process_reader_win.cc(123)] NtOpenThread: An invalid Client ID was specified.  (0xc000000b)
[1222/170252.606:ERROR:process_reader_win.cc(123)] NtOpenThread: An invalid Client ID was specified.  (0xc000000b)
[1222/170252.606:ERROR:process_reader_win.cc(123)] NtOpenThread: An invalid Client ID was specified.  (0xc000000b)
[1222/170252.606:ERROR:process_reader_win.cc(123)] NtOpenThread: An invalid Client ID was specified.  (0xc000000b)
[1222/170252.606:ERROR:process_reader_win.cc(123)] NtOpenThread: An invalid Client ID was specified.  (0xc000000b)
[1222/170252.606:ERROR:process_reader_win.cc(123)] NtOpenThread: An invalid Client ID was specified.  (0xc000000b)
[1222/170252.606:ERROR:exception_snapshot_win.cc(87)] thread ID 9716 not found in process
[1222/170252.606:WARNING:crash_report_exception_handler.cc(62)] ProcessSnapshotWin::Initialize failed
[1222/170252.607:ERROR:scoped_process_suspend.cc(39)] NtResumeProcess: An attempt was made to access an exiting process.  (0xc000010a)
